<?xml version="1.0" encoding="UTF-8"?>
<!-- Generated by org.testng.reporters.JUnitReportReporter -->
<testsuite hostname="DESKTOP-TQONPAL" failures="0" tests="3" name="com.qa.ninjatutorials.testcases.SearchTest" time="14.145" errors="0" timestamp="2022-12-13T20:00:24 EST" skipped="0">
  <testcase classname="com.qa.ninjatutorials.testcases.SearchTest" name="verifySearchWithValidProduct" time="4.811"/>
  <system-out/>
  <testcase classname="com.qa.ninjatutorials.testcases.SearchTest" name="verifySearchWithInvalidProduct" time="4.590"/>
  <system-out/>
  <testcase classname="com.qa.ninjatutorials.testcases.SearchTest" name="verifySearchWithoutAnyProduct" time="4.744"/>
  <system-out/>
</testsuite> <!-- com.qa.ninjatutorials.testcases.SearchTest -->
