<?xml version="1.0" encoding="UTF-8"?>
<!-- Generated by org.testng.reporters.JUnitReportReporter -->
<testsuite hostname="DESKTOP-TQONPAL" failures="0" tests="3" name="com.qa.ninjatutorials.testcases.SearchTest" time="13.844" errors="0" timestamp="2022-12-10T14:38:39 EST" skipped="0">
  <testcase classname="com.qa.ninjatutorials.testcases.SearchTest" name="verifySearchWithValidProduct" time="4.486"/>
  <system-out/>
  <testcase classname="com.qa.ninjatutorials.testcases.SearchTest" name="verifySearchWithInvalidProduct" time="4.814"/>
  <system-out/>
  <testcase classname="com.qa.ninjatutorials.testcases.SearchTest" name="verifySearchWithoutAnyProduct" time="4.544"/>
  <system-out/>
</testsuite> <!-- com.qa.ninjatutorials.testcases.SearchTest -->
