<?xml version="1.0" encoding="UTF-8"?>
<!-- Generated by org.testng.reporters.JUnitReportReporter -->
<testsuite hostname="DESKTOP-TQONPAL" failures="0" tests="5" name="com.qa.ninjatutorials.testcases.LoginTest" time="25.617" errors="0" timestamp="2022-12-10T14:38:39 EST" skipped="0">
  <testcase classname="com.qa.ninjatutorials.testcases.LoginTest" name="verifyLoginWithValidCredentials" time="4.760"/>
  <system-out/>
  <testcase classname="com.qa.ninjatutorials.testcases.LoginTest" name="verifyLoginWithInValidCredentials" time="5.497"/>
  <system-out/>
  <testcase classname="com.qa.ninjatutorials.testcases.LoginTest" name="verifyLoginWithInvalidEmailidValidPassword" time="5.388"/>
  <system-out/>
  <testcase classname="com.qa.ninjatutorials.testcases.LoginTest" name="verifyLoginWithValidEmailidInValidPassword" time="5.077"/>
  <system-out/>
  <testcase classname="com.qa.ninjatutorials.testcases.LoginTest" name="verifyLoginWithNoCredentials" time="4.895"/>
  <system-out/>
</testsuite> <!-- com.qa.ninjatutorials.testcases.LoginTest -->
