<?xml version="1.0" encoding="UTF-8"?>
<!-- Generated by org.testng.reporters.JUnitReportReporter -->
<testsuite skipped="0" hostname="DESKTOP-TQONPAL" name="com.qa.ninjatutorials.testcases.LoginTest" tests="1" failures="0" timestamp="10 Dec 2022 19:50:12 GMT" time="8.145" errors="0">
  <testcase name="verifyLoginWithValidCredentials" time="8.145" classname="com.qa.ninjatutorials.testcases.LoginTest"/>
</testsuite> <!-- com.qa.ninjatutorials.testcases.LoginTest -->
