<?xml version="1.0" encoding="UTF-8"?>
<!-- Generated by org.testng.reporters.JUnitReportReporter -->
<testsuite skipped="0" hostname="DESKTOP-TQONPAL" name="com.qa.ninjatutorials.testcases.SearchTest" tests="1" failures="0" timestamp="10 Dec 2022 19:50:12 GMT" time="5.367" errors="0">
  <testcase name="verifySearchWithValidProduct" time="5.367" classname="com.qa.ninjatutorials.testcases.SearchTest"/>
</testsuite> <!-- com.qa.ninjatutorials.testcases.SearchTest -->
